<?xml version="1.0" encoding="UTF-8"?>
<!-- Generated by org.testng.reporters.JUnitReportReporter -->
<testsuite skipped="0" hostname="aaggrawal" name="com.crm.qa.pages.getwindowHandler" tests="1" failures="0" timestamp="02 Nov 2018 11:09:15 GMT" time="7.326" errors="0">
  <testcase name="getWindow" time="7.326" classname="com.crm.qa.pages.getwindowHandler"/>
</testsuite> <!-- com.crm.qa.pages.getwindowHandler -->
